yyyy,m,mon,week_begin,date,dow,day,hour,pool,slots,state,username,app_name,tags,stmt_type,gb_grp,confidence,est_gb_grp,spill,stmts,err,qued,spilled,mx_q_sec,tot_q_sec,mx_exe_sec,tot_exe_sec,mx_run_sec,tot_run_sec,mx_mb,tot_mb,mx_spl_mb,tot_spl_mb
2021,4,Apr,2021-04-19,2021-04-24,6,Sat,10:00,admin,1,done,ybdadmin,ybsql,,select,1,High,1,n,1,0,0,0,0.0,0.0,0.0,0.0,0.0,0.0,30,30,0,0
2021,4,Apr,2021-04-19,2021-04-24,6,Sat,11:00,admin,1,done,ybdadmin,ybsql,,select,1,High,1,n,3,0,0,0,0.0,0.0,0.0,0.1,0.0,0.1,32,90,0,0
2021,4,Apr,2021-04-19,2021-04-24,6,Sat,11:00,large,1,done,yellowbrick,ybrestore,,delete,1,None,1,n,1,0,0,0,0.0,0.0,0.1,0.1,0.1,0.1,270,270,0,0
2021,4,Apr,2021-04-19,2021-04-24,6,Sat,11:00,large,1,done,yellowbrick,ybrestore,,delete,1,None,2,n,265,0,0,0,0.0,0.3,0.1,7.4,0.1,7.4,272,25660,0,0
2021,4,Apr,2021-04-19,2021-04-24,6,Sat,11:00,large,1,done,yellowbrick,ybrestore,,other,1,High,4,n,282,0,0,0,0.0,0.3,6.5,52.3,6.5,52.3,1042,22790,0,0
2021,4,Apr,2021-04-19,2021-04-24,6,Sat,11:00,large,1,done,yellowbrick,ybrestore,,other,2,High,4,n,3,0,0,0,0.0,0.0,104.8,227.9,104.8,227.9,2332,6874,0,0
2021,4,Apr,2021-04-19,2021-04-24,6,Sat,11:00,large,1,done,yellowbrick,ybrestore,,select,1,High,1,n,266,0,0,0,0.0,0.3,0.1,5.2,0.1,5.2,168,22568,0,0
2021,4,Apr,2021-04-19,2021-04-24,6,Sat,12:00,large,1,done,yellowbrick,ybrestore,,delete,1,None,2,n,1401,0,0,0,0.0,1.2,2.2,42.2,2.2,42.2,298,129154,0,0
2021,4,Apr,2021-04-19,2021-04-24,6,Sat,12:00,large,1,done,yellowbrick,ybrestore,,other,1,High,4,n,1384,0,0,0,0.0,1.2,49.6,282.3,49.6,282.3,1230,97568,0,0
2021,4,Apr,2021-04-19,2021-04-24,6,Sat,12:00,large,1,done,yellowbrick,ybrestore,,other,2,High,4,n,9,0,0,0,0.0,0.0,951.2,2122.7,951.2,2122.7,2546,19852,0,0
2021,4,Apr,2021-04-19,2021-04-24,6,Sat,12:00,large,1,done,yellowbrick,ybrestore,,other,4,High,4,n,10,0,0,0,0.0,0.0,1212.2,1614.5,1212.2,1614.5,3236,28722,0,0
2021,4,Apr,2021-04-19,2021-04-24,6,Sat,12:00,large,1,done,yellowbrick,ybrestore,,select,1,High,1,n,1401,0,0,0,0.0,1.2,1.3,28.6,1.3,28.6,300,118182,0,0
2021,4,Apr,2021-04-19,2021-04-24,6,Sat,13:00,large,1,done,yellowbrick,ybrestore,,delete,1,None,1,n,1,0,0,0,0.0,0.0,0.1,0.1,0.1,0.1,268,268,0,0
2021,4,Apr,2021-04-19,2021-04-24,6,Sat,13:00,large,1,done,yellowbrick,ybrestore,,delete,1,None,2,n,961,0,0,0,0.0,0.8,2.2,28.9,2.2,28.9,318,87686,0,0
2021,4,Apr,2021-04-19,2021-04-24,6,Sat,13:00,large,1,done,yellowbrick,ybrestore,,other,1,High,4,n,978,0,0,0,0.0,0.8,4.5,119.3,4.5,119.3,506,67868,0,0
2021,4,Apr,2021-04-19,2021-04-24,6,Sat,13:00,large,1,done,yellowbrick,ybrestore,,other,2,High,4,n,5,0,0,0,0.0,0.0,166.3,235.3,166.3,235.3,2546,10536,0,0
2021,4,Apr,2021-04-19,2021-04-24,6,Sat,13:00,large,1,done,yellowbrick,ybrestore,,other,4,High,4,n,5,0,0,0,0.0,0.0,337.1,1150.6,337.1,1150.6,2914,14448,0,0
2021,4,Apr,2021-04-19,2021-04-24,6,Sat,13:00,large,1,done,yellowbrick,ybrestore,,select,1,High,1,n,962,0,0,0,0.0,0.7,1.2,19.7,1.2,19.7,316,81398,0,0
2021,4,Apr,2021-04-19,2021-04-24,6,Sat,14:00,large,1,done,yellowbrick,ybrestore,,delete,1,None,2,n,964,0,0,0,0.0,0.8,0.6,27.0,0.6,27.0,272,87930,0,0
2021,4,Apr,2021-04-19,2021-04-24,6,Sat,14:00,large,1,done,yellowbrick,ybrestore,,other,1,High,4,n,946,0,0,0,0.0,0.8,13.4,124.4,13.4,124.4,922,70504,0,0
2021,4,Apr,2021-04-19,2021-04-24,6,Sat,14:00,large,1,done,yellowbrick,ybrestore,,other,2,High,4,n,15,0,0,0,0.0,0.0,625.2,1855.7,625.2,1855.7,2542,34808,0,0
2021,4,Apr,2021-04-19,2021-04-24,6,Sat,14:00,large,1,done,yellowbrick,ybrestore,,other,4,High,4,n,3,0,0,0,0.0,0.0,2517.1,2827.8,2517.1,2827.8,2886,8388,0,0
2021,4,Apr,2021-04-19,2021-04-24,6,Sat,14:00,large,1,done,yellowbrick,ybrestore,,select,1,High,1,n,964,0,0,0,0.0,0.7,0.4,18.7,0.4,18.7,188,81414,0,0
2021,4,Apr,2021-04-19,2021-04-24,6,Sat,15:00,large,1,done,yellowbrick,ybrestore,,delete,1,None,2,n,103,0,0,0,0.0,0.1,2.5,7.0,2.5,7.0,198,11192,0,0
2021,4,Apr,2021-04-19,2021-04-24,6,Sat,15:00,large,1,done,yellowbrick,ybrestore,,other,1,High,4,n,95,0,0,0,0.0,0.1,6.6,28.2,6.6,28.2,952,9592,0,0
2021,4,Apr,2021-04-19,2021-04-24,6,Sat,15:00,large,1,done,yellowbrick,ybrestore,,other,2,High,4,n,7,0,0,0,0.0,0.0,185.1,294.9,185.1,294.9,2306,14206,0,0
2021,4,Apr,2021-04-19,2021-04-24,6,Sat,15:00,large,1,done,yellowbrick,ybrestore,,other,4,High,4,n,5,0,0,0,0.0,0.0,821.3,1232.1,821.3,1232.1,3046,14230,0,0
2021,4,Apr,2021-04-19,2021-04-24,6,Sat,15:00,large,1,done,yellowbrick,ybrestore,,select,1,High,1,n,103,0,0,0,0.0,0.1,1.4,4.3,1.4,4.3,198,9080,0,0
2021,4,Apr,2021-04-19,2021-04-24,6,Sat,16:00,large,1,done,yellowbrick,ybrestore,,delete,1,None,1,n,1,0,0,0,0.0,0.0,0.1,0.1,0.1,0.1,272,272,0,0
2021,4,Apr,2021-04-19,2021-04-24,6,Sat,16:00,large,1,done,yellowbrick,ybrestore,,delete,1,None,2,n,104,0,0,0,0.0,0.1,0.9,7.4,0.9,7.4,288,12056,0,0
2021,4,Apr,2021-04-19,2021-04-24,6,Sat,16:00,large,1,done,yellowbrick,ybrestore,,other,1,High,4,n,96,0,0,0,0.0,0.1,38.0,53.3,38.0,53.3,1012,8902,0,0
2021,4,Apr,2021-04-19,2021-04-24,6,Sat,16:00,large,1,done,yellowbrick,ybrestore,,other,2,High,4,n,5,0,0,0,0.0,0.0,400.5,596.1,400.5,596.1,2492,10674,0,0
2021,4,Apr,2021-04-19,2021-04-24,6,Sat,16:00,large,1,done,yellowbrick,ybrestore,,other,4,High,4,n,2,0,0,0,0.0,0.0,254.9,357.4,254.9,357.4,3174,6208,0,0
2021,4,Apr,2021-04-19,2021-04-24,6,Sat,16:00,large,1,done,yellowbrick,ybrestore,,select,1,High,1,n,105,0,0,0,0.0,0.1,0.4,4.9,0.4,4.9,296,9314,0,0
2021,4,Apr,2021-04-19,2021-04-24,6,Sat,16:00,large,1,error,yellowbrick,ybrestore,,other,4,High,4,n,1,1,0,0,0.0,0.0,515.4,515.4,515.4,515.4,2986,2986,0,0
2021,4,Apr,2021-04-19,2021-04-24,6,Sat,17:00,admin,1,cancel,yellowbrick,ybsql,,select,1,High,1,n,1,1,1,0,0.2,0.2,,,,,0,0,0,0
2021,4,Apr,2021-04-19,2021-04-24,6,Sat,17:00,admin,1,done,yellowbrick,ybsql,,select,1,High,1,n,15710,0,0,0,0.0,11.6,0.2,333.0,0.2,333.0,50,593792,0,0
2021,4,Apr,2021-04-19,2021-04-24,6,Sat,17:00,large,1,done,yellowbrick,ybrestore,,delete,1,None,2,n,45,0,0,0,0.0,0.0,0.5,2.0,0.5,2.0,166,3968,0,0
2021,4,Apr,2021-04-19,2021-04-24,6,Sat,17:00,large,1,done,yellowbrick,ybrestore,,other,1,High,4,n,43,0,0,0,0.0,0.0,0.8,5.5,0.8,5.5,294,3032,0,0
2021,4,Apr,2021-04-19,2021-04-24,6,Sat,17:00,large,1,done,yellowbrick,ybrestore,,other,2,High,4,n,1,0,0,0,0.0,0.0,146.3,146.3,146.3,146.3,1750,1750,0,0
2021,4,Apr,2021-04-19,2021-04-24,6,Sat,17:00,large,1,done,yellowbrick,ybrestore,,other,4,High,4,n,1,0,0,0,0.0,0.0,844.7,844.7,844.7,844.7,2952,2952,0,0
2021,4,Apr,2021-04-19,2021-04-24,6,Sat,17:00,large,1,done,yellowbrick,ybrestore,,select,1,High,1,n,45,0,0,0,0.0,0.0,0.3,1.3,0.3,1.3,170,3806,0,0
2021,4,Apr,2021-04-19,2021-04-25,0,Sun,17:00,small,1,done,redpoint1,pgAdmin,,select,1,High,1,n,1,0,0,0,0.0,0.0,0.0,0.0,0.0,0.0,28,28,0,0
2021,4,Apr,2021-04-19,2021-04-25,0,Sun,17:00,small,1,done,redpoint2,pgAdmin,,select,1,High,1,n,2,0,0,0,0.0,0.0,0.0,0.0,0.0,0.0,34,62,0,0
2021,4,Apr,2021-04-26,2021-04-26,1,Mon,10:00,large,1,done,yellowbrick,ybrestore,,delete,1,None,1,n,1,0,0,0,0.0,0.0,0.0,0.0,0.0,0.0,274,274,0,0
2021,4,Apr,2021-04-26,2021-04-26,1,Mon,10:00,large,1,done,yellowbrick,ybrestore,,delete,1,None,2,n,1388,0,0,0,0.0,1.1,0.6,37.9,0.6,37.9,272,126922,0,0
2021,4,Apr,2021-04-26,2021-04-26,1,Mon,10:00,large,1,done,yellowbrick,ybrestore,,other,1,High,4,n,1392,0,0,0,0.0,1.1,13.1,175.8,13.1,175.8,920,100174,0,0
2021,4,Apr,2021-04-26,2021-04-26,1,Mon,10:00,large,1,done,yellowbrick,ybrestore,,other,2,High,4,n,18,0,0,0,0.0,0.0,630.2,1919.7,630.2,1919.7,2544,40758,0,0
2021,4,Apr,2021-04-26,2021-04-26,1,Mon,10:00,large,1,done,yellowbrick,ybrestore,,other,4,High,4,n,3,0,0,0,0.0,0.0,2515.3,2825.7,2515.3,2825.7,2886,8410,0,0
2021,4,Apr,2021-04-26,2021-04-26,1,Mon,10:00,large,1,done,yellowbrick,ybrestore,,select,1,High,1,n,1389,0,0,0,0.0,1.1,0.4,26.1,0.4,26.1,198,116516,0,0
2021,4,Apr,2021-04-26,2021-04-26,1,Mon,10:00,small,1,done,eb_nexus,,,select,1,High,1,n,51,0,0,0,0.0,0.0,0.3,2.5,0.3,2.5,44,1318,0,0
2021,4,Apr,2021-04-26,2021-04-26,1,Mon,10:00,small,1,done,rc_bfd,DBeaver,,select,1,High,1,n,3,0,0,0,0.0,0.0,0.1,0.2,0.1,0.2,26,72,0,0
2021,4,Apr,2021-04-26,2021-04-26,1,Mon,11:00,large,1,done,yellowbrick,ybrestore,,delete,1,None,1,n,1,0,0,0,0.0,0.0,0.1,0.1,0.1,0.1,274,274,0,0
2021,4,Apr,2021-04-26,2021-04-26,1,Mon,11:00,large,1,done,yellowbrick,ybrestore,,delete,1,None,2,n,139,0,0,0,0.0,0.1,2.5,8.0,2.5,8.0,270,14886,0,0
2021,4,Apr,2021-04-26,2021-04-26,1,Mon,11:00,large,1,done,yellowbrick,ybrestore,,other,1,High,4,n,128,0,0,0,0.0,0.1,6.4,35.1,6.4,35.1,1016,13390,0,0
2021,4,Apr,2021-04-26,2021-04-26,1,Mon,11:00,large,1,done,yellowbrick,ybrestore,,other,2,High,4,n,10,0,0,0,0.0,0.0,191.7,339.1,191.7,339.1,2340,20610,0,0
2021,4,Apr,2021-04-26,2021-04-26,1,Mon,11:00,large,1,done,yellowbrick,ybrestore,,other,4,High,4,n,6,0,0,0,0.0,0.0,812.6,1452.5,812.6,1452.5,3174,17384,0,0
2021,4,Apr,2021-04-26,2021-04-26,1,Mon,11:00,large,1,done,yellowbrick,ybrestore,,select,1,High,1,n,140,0,0,0,0.0,0.1,1.4,4.9,1.4,4.9,198,12096,0,0
2021,4,Apr,2021-04-26,2021-04-26,1,Mon,11:00,small,1,done,eb_nexus,,,select,1,High,1,n,44,0,0,0,0.0,0.0,0.5,3.0,0.5,3.0,32,1116,0,0
2021,4,Apr,2021-04-26,2021-04-26,1,Mon,12:00,large,1,done,redpoint2,,,insert,1,None,4,n,1,0,0,0,0.0,0.0,0.0,0.0,0.0,0.0,154,154,0,0
2021,4,Apr,2021-04-26,2021-04-26,1,Mon,12:00,large,1,done,redpoint2,,,select,1,None,1,n,6,0,0,0,0.0,0.0,0.0,0.1,0.0,0.1,158,934,0,0
2021,4,Apr,2021-04-26,2021-04-26,1,Mon,12:00,large,1,done,yellowbrick,ybrestore,,delete,1,None,2,n,90,0,0,0,0.0,0.1,1.2,8.7,1.2,8.7,288,10158,0,0
2021,4,Apr,2021-04-26,2021-04-26,1,Mon,12:00,large,1,done,yellowbrick,ybrestore,,other,1,High,4,n,84,0,0,0,0.0,0.1,38.8,52.1,38.8,52.1,846,6588,0,0
2021,4,Apr,2021-04-26,2021-04-26,1,Mon,12:00,large,1,done,yellowbrick,ybrestore,,other,2,High,4,n,2,0,0,0,0.0,0.0,400.6,562.8,400.6,562.8,2490,4256,0,0
2021,4,Apr,2021-04-26,2021-04-26,1,Mon,12:00,large,1,done,yellowbrick,ybrestore,,other,4,High,4,n,2,0,0,0,0.0,0.0,838.9,942.7,838.9,942.7,3028,6030,0,0
2021,4,Apr,2021-04-26,2021-04-26,1,Mon,12:00,large,1,done,yellowbrick,ybrestore,,select,1,High,1,n,90,0,0,0,0.0,0.1,0.7,5.7,0.7,5.7,288,8166,0,0
2021,4,Apr,2021-04-26,2021-04-26,1,Mon,12:00,small,1,done,redpoint2,,,select,1,High,1,n,3,0,0,0,0.0,0.0,0.0,0.1,0.0,0.1,74,222,0,0
2021,4,Apr,2021-04-26,2021-04-26,1,Mon,13:00,large,1,done,redpoint2,,,insert,1,None,4,n,1,0,0,0,0.0,0.0,0.0,0.0,0.0,0.0,156,156,0,0
2021,4,Apr,2021-04-26,2021-04-26,1,Mon,13:00,large,1,done,redpoint2,,,select,1,None,1,n,18,0,0,0,0.0,0.0,0.0,0.4,0.0,0.4,172,2844,0,0
2021,4,Apr,2021-04-26,2021-04-26,1,Mon,13:00,small,1,done,redpoint2,,,select,1,High,1,n,13,0,0,0,0.0,0.0,0.0,0.2,0.0,0.2,80,974,0,0
2021,4,Apr,2021-04-26,2021-04-26,1,Mon,14:00,large,1,done,redpoint2,,,insert,1,None,4,n,4,0,0,0,0.0,0.0,0.1,0.2,0.1,0.2,158,622,0,0
2021,4,Apr,2021-04-26,2021-04-26,1,Mon,14:00,large,1,done,redpoint2,,,select,1,None,1,n,18,0,0,0,0.0,0.0,0.0,0.4,0.0,0.4,164,2822,0,0
2021,4,Apr,2021-04-26,2021-04-26,1,Mon,14:00,small,1,done,redpoint2,,,select,1,High,1,n,16,0,0,0,0.0,0.0,0.0,0.3,0.0,0.3,82,1186,0,0
2021,4,Apr,2021-04-26,2021-04-26,1,Mon,15:00,large,1,done,redpoint2,,,insert,1,None,4,n,1,0,0,0,0.0,0.0,0.0,0.0,0.0,0.0,154,154,0,0
2021,4,Apr,2021-04-26,2021-04-26,1,Mon,15:00,large,1,done,redpoint2,,,select,1,None,1,n,18,0,0,0,0.0,0.0,0.0,0.4,0.0,0.4,170,2840,0,0
2021,4,Apr,2021-04-26,2021-04-26,1,Mon,15:00,small,1,done,redpoint2,,,select,1,High,1,n,15,0,0,0,0.0,0.0,0.0,0.2,0.0,0.2,80,1120,0,0
2021,4,Apr,2021-04-26,2021-04-26,1,Mon,16:00,large,1,done,redpoint2,,,insert,1,None,4,n,2,0,0,0,0.0,0.0,0.1,0.1,0.1,0.1,158,314,0,0
2021,4,Apr,2021-04-26,2021-04-26,1,Mon,16:00,large,1,done,redpoint2,,,select,1,None,1,n,18,0,0,0,0.0,0.0,0.0,0.4,0.0,0.4,168,2842,0,0
2021,4,Apr,2021-04-26,2021-04-26,1,Mon,16:00,small,1,done,redpoint2,,,select,1,High,1,n,14,0,0,0,0.0,0.0,0.0,0.2,0.0,0.2,82,1036,0,0
2021,4,Apr,2021-04-26,2021-04-26,1,Mon,17:00,large,1,done,redpoint2,,,ctas,1,High,4,n,159,0,0,0,0.0,0.1,0.1,5.5,0.1,5.5,90,9038,0,0
2021,4,Apr,2021-04-26,2021-04-26,1,Mon,17:00,large,1,done,redpoint2,,,ctas,1,None,4,n,226,0,0,0,0.0,0.2,0.7,13.5,0.7,13.5,286,39964,0,0
2021,4,Apr,2021-04-26,2021-04-26,1,Mon,17:00,large,1,done,redpoint2,,,insert,1,High,4,n,67,0,0,0,0.0,0.1,0.0,2.4,0.0,2.4,88,3648,0,0
2021,4,Apr,2021-04-26,2021-04-26,1,Mon,17:00,large,1,done,redpoint2,,,insert,1,None,4,n,108,0,0,0,0.0,0.1,0.1,5.6,0.1,5.6,160,8768,0,0
2021,4,Apr,2021-04-26,2021-04-26,1,Mon,17:00,large,2,done,redpoint2,,,select,1,None,1,n,322,0,0,0,0.0,0.3,0.1,6.9,0.1,6.9,192,50158,0,0
2021,4,Apr,2021-04-26,2021-04-26,1,Mon,17:00,large,1,done,redpoint2,,,update,1,High,4,n,160,0,0,0,0.0,0.1,0.1,10.8,0.1,10.8,106,13138,0,0
2021,4,Apr,2021-04-26,2021-04-26,1,Mon,17:00,large,1,done,redpoint2,,,update,1,None,8,n,32,0,0,0,0.0,0.0,0.1,2.3,0.1,2.3,104,2888,0,0
2021,4,Apr,2021-04-26,2021-04-26,1,Mon,17:00,small,1,done,redpoint2,,,select,1,High,1,n,389,0,0,0,0.0,0.3,0.0,7.5,0.0,7.5,102,24124,0,0
2021,4,Apr,2021-04-26,2021-04-26,1,Mon,18:00,large,1,done,redpoint2,,,ctas,1,High,4,n,141,0,0,0,0.0,0.1,0.1,4.6,0.1,4.6,84,6708,0,0
2021,4,Apr,2021-04-26,2021-04-26,1,Mon,18:00,large,1,done,redpoint2,,,ctas,1,None,4,n,186,0,0,0,0.0,0.2,0.1,9.4,0.1,9.4,298,25224,0,0
2021,4,Apr,2021-04-26,2021-04-26,1,Mon,18:00,large,1,done,redpoint2,,,insert,1,High,4,n,81,0,0,0,0.0,0.1,0.1,2.9,0.1,2.9,80,3740,0,0
2021,4,Apr,2021-04-26,2021-04-26,1,Mon,18:00,large,1,done,redpoint2,,,insert,1,None,4,n,77,0,0,0,0.0,0.1,0.1,4.1,0.1,4.1,162,6714,0,0
2021,4,Apr,2021-04-26,2021-04-26,1,Mon,18:00,large,1,done,redpoint2,,,select,1,None,1,n,285,0,0,0,0.0,0.2,0.1,6.4,0.1,6.4,286,45282,0,0
2021,4,Apr,2021-04-26,2021-04-26,1,Mon,18:00,large,1,done,redpoint2,,,update,1,High,4,n,119,0,0,0,0.0,0.1,0.1,8.2,0.1,8.2,110,10226,0,0
2021,4,Apr,2021-04-26,2021-04-26,1,Mon,18:00,large,1,done,redpoint2,,,update,1,High,8,n,3,0,0,0,0.0,0.0,0.1,0.2,0.1,0.2,98,272,0,0
2021,4,Apr,2021-04-26,2021-04-26,1,Mon,18:00,large,1,done,redpoint2,,,update,1,None,8,n,29,0,0,0,0.0,0.0,0.1,2.1,0.1,2.1,108,2618,0,0
2021,4,Apr,2021-04-26,2021-04-26,1,Mon,18:00,small,1,done,redpoint2,,,select,1,High,1,n,340,0,0,0,0.0,0.3,0.0,6.6,0.0,6.6,100,18916,0,0
2021,4,Apr,2021-04-26,2021-04-26,1,Mon,19:00,large,1,done,redpoint2,,,insert,1,None,4,n,2,0,0,0,0.0,0.0,0.0,0.1,0.0,0.1,158,312,0,0
2021,4,Apr,2021-04-26,2021-04-26,1,Mon,19:00,large,1,done,redpoint2,,,select,1,None,1,n,54,0,0,0,0.0,0.0,0.0,1.3,0.0,1.3,266,9426,0,0
2021,4,Apr,2021-04-26,2021-04-26,1,Mon,19:00,small,1,done,redpoint2,,,select,1,High,1,n,55,0,0,0,0.0,0.0,0.0,0.9,0.0,0.9,86,4096,0,0
2021,4,Apr,2021-04-26,2021-04-26,1,Mon,20:00,large,1,done,redpoint2,,,insert,1,None,4,n,1,0,0,0,0.0,0.0,0.0,0.0,0.0,0.0,158,158,0,0
2021,4,Apr,2021-04-26,2021-04-26,1,Mon,20:00,large,1,done,redpoint2,,,select,1,None,1,n,19,0,0,0,0.0,0.0,0.0,0.4,0.0,0.4,160,2960,0,0
2021,4,Apr,2021-04-26,2021-04-26,1,Mon,20:00,small,1,done,redpoint2,,,select,1,High,1,n,60,0,0,0,0.0,0.1,0.0,0.9,0.0,0.9,84,4528,0,0
2021,4,Apr,2021-04-26,2021-04-26,1,Mon,21:00,large,1,done,redpoint2,,,insert,1,None,4,n,1,0,0,0,0.0,0.0,0.0,0.0,0.0,0.0,156,156,0,0
2021,4,Apr,2021-04-26,2021-04-26,1,Mon,21:00,large,1,done,redpoint2,,,select,1,None,1,n,19,0,0,0,0.0,0.0,0.0,0.4,0.0,0.4,172,2988,0,0
2021,4,Apr,2021-04-26,2021-04-26,1,Mon,21:00,small,2,done,redpoint2,,,select,1,High,1,n,47,0,0,0,0.0,0.0,0.0,0.8,0.0,0.8,86,3540,0,0
2021,4,Apr,2021-04-26,2021-04-26,1,Mon,22:00,large,1,done,redpoint2,,,insert,1,None,4,n,2,0,0,0,0.0,0.0,0.0,0.1,0.0,0.1,156,312,0,0
2021,4,Apr,2021-04-26,2021-04-26,1,Mon,22:00,large,1,done,redpoint2,,,select,1,None,1,n,19,0,0,0,0.0,0.0,0.0,0.4,0.0,0.4,168,3030,0,0
2021,4,Apr,2021-04-26,2021-04-26,1,Mon,22:00,small,1,done,redpoint2,,,select,1,High,1,n,51,0,0,0,0.0,0.0,0.0,0.8,0.0,0.8,86,3814,0,0
2021,4,Apr,2021-04-26,2021-04-26,1,Mon,23:00,large,1,done,redpoint2,,,insert,1,None,4,n,2,0,0,0,0.0,0.0,0.0,0.1,0.0,0.1,158,316,0,0
2021,4,Apr,2021-04-26,2021-04-26,1,Mon,23:00,large,1,done,redpoint2,,,select,1,None,1,n,18,0,0,0,0.0,0.0,0.0,0.4,0.0,0.4,166,2830,0,0
2021,4,Apr,2021-04-26,2021-04-26,1,Mon,23:00,small,1,done,redpoint2,,,select,1,High,1,n,54,0,0,0,0.0,0.0,0.0,0.9,0.0,0.9,84,4018,0,0
2021,4,Apr,2021-04-26,2021-04-26,1,Mon,6:00,admin,1,done,training_dba,ybload,,load,2,High,4,n,3,0,0,0,0.0,0.0,650.4,1370.0,650.4,1370.0,1930,5768,0,0
2021,4,Apr,2021-04-26,2021-04-26,1,Mon,6:00,admin,1,done,training_dba,ybsql,,select,1,High,1,n,108,0,0,0,0.0,0.1,0.0,1.9,0.0,1.9,42,3814,0,0
2021,4,Apr,2021-04-26,2021-04-26,1,Mon,6:00,admin,1,error,training_dba,ybload,,load,1,High,4,n,1,1,0,0,0.0,0.0,14.1,14.1,14.1,14.1,702,702,0,0
2021,4,Apr,2021-04-26,2021-04-26,1,Mon,8:00,large,1,done,yellowbrick,ybrestore,,delete,1,None,1,n,1,0,0,0,0.0,0.0,0.0,0.0,0.0,0.0,272,272,0,0
2021,4,Apr,2021-04-26,2021-04-26,1,Mon,8:00,large,1,done,yellowbrick,ybrestore,,delete,1,None,2,n,1649,0,0,0,0.0,1.3,2.1,45.6,2.1,45.6,282,151750,0,0
2021,4,Apr,2021-04-26,2021-04-26,1,Mon,8:00,large,1,done,yellowbrick,ybrestore,,other,1,High,4,n,1650,0,0,0,0.0,1.3,52.3,307.8,52.3,307.8,1300,116430,0,0
2021,4,Apr,2021-04-26,2021-04-26,1,Mon,8:00,large,1,done,yellowbrick,ybrestore,,other,2,High,4,n,11,0,0,0,0.0,0.0,941.6,2328.2,941.6,2328.2,2488,24330,0,0
2021,4,Apr,2021-04-26,2021-04-26,1,Mon,8:00,large,1,done,yellowbrick,ybrestore,,other,4,High,4,n,10,0,0,0,0.0,0.0,291.8,459.6,291.8,459.6,3214,28786,0,0
2021,4,Apr,2021-04-26,2021-04-26,1,Mon,8:00,large,1,done,yellowbrick,ybrestore,,select,1,High,1,n,1650,0,0,0,0.0,1.3,1.2,31.4,1.2,31.4,292,138174,0,0
2021,4,Apr,2021-04-26,2021-04-26,1,Mon,8:00,small,1,done,mmohler,DBeaver-MGM,,select,1,High,1,n,12,0,0,0,0.0,0.0,0.2,0.7,0.2,0.7,28,298,0,0
2021,4,Apr,2021-04-26,2021-04-26,1,Mon,9:00,large,1,done,yellowbrick,ybrestore,,delete,1,None,2,n,553,0,0,0,0.0,0.4,2.2,19.4,2.2,19.4,308,49298,0,0
2021,4,Apr,2021-04-26,2021-04-26,1,Mon,9:00,large,1,done,yellowbrick,ybrestore,,other,1,High,4,n,547,0,0,0,0.0,0.4,7.3,79.9,7.3,79.9,624,38646,0,0
2021,4,Apr,2021-04-26,2021-04-26,1,Mon,9:00,large,1,done,yellowbrick,ybrestore,,other,2,High,4,n,2,0,0,0,0.0,0.0,168.5,184.5,168.5,184.5,2334,4166,0,0
2021,4,Apr,2021-04-26,2021-04-26,1,Mon,9:00,large,1,done,yellowbrick,ybrestore,,other,4,High,4,n,6,0,0,0,0.0,0.0,1212.3,2373.9,1212.3,2373.9,2914,17240,0,0
2021,4,Apr,2021-04-26,2021-04-26,1,Mon,9:00,large,1,done,yellowbrick,ybrestore,,select,1,High,1,n,553,0,0,0,0.0,0.4,1.3,12.9,1.3,12.9,320,47476,0,0
2021,4,Apr,2021-04-26,2021-04-27,2,Tue,0:00,large,1,done,redpoint2,,,insert,1,None,4,n,2,0,0,0,0.0,0.0,0.0,0.1,0.0,0.1,158,316,0,0
2021,4,Apr,2021-04-26,2021-04-27,2,Tue,0:00,large,1,done,redpoint2,,,select,1,None,1,n,18,0,0,0,0.0,0.0,0.0,0.4,0.0,0.4,164,2842,0,0
2021,4,Apr,2021-04-26,2021-04-27,2,Tue,0:00,large,1,error,eb_nexus,ybload,,load,1,High,4,n,2,2,0,0,0.0,0.0,0.8,1.6,0.8,1.6,64,124,0,0
2021,4,Apr,2021-04-26,2021-04-27,2,Tue,0:00,small,1,done,eb_nexus,,,select,1,High,1,n,7,0,0,0,0.0,0.0,0.0,0.2,0.0,0.2,40,272,0,0
2021,4,Apr,2021-04-26,2021-04-27,2,Tue,0:00,small,1,done,redpoint2,,,select,1,High,1,n,41,0,0,0,0.0,0.0,0.0,0.7,0.0,0.7,84,3046,0,0
2021,4,Apr,2021-04-26,2021-04-27,2,Tue,10:00,admin,1,done,training_dba,ybsql,,select,1,High,1,n,3,0,0,0,0.0,0.0,0.0,0.1,0.0,0.1,40,116,0,0
2021,4,Apr,2021-04-26,2021-04-27,2,Tue,10:00,admin,1,done,training_dba,ybunload,,unload,1,High,1,n,1,0,0,0,0.0,0.0,270.2,270.2,270.2,270.2,508,508,0,0
2021,4,Apr,2021-04-26,2021-04-27,2,Tue,10:00,small,1,done,pmuessig_truxton,DBeaver,,select,1,High,1,n,4,0,0,0,0.0,0.0,0.0,0.1,0.0,0.1,30,112,0,0
2021,4,Apr,2021-04-26,2021-04-27,2,Tue,11:00,admin,1,done,training_dba,ybunload,,unload,1,High,1,n,1,0,0,0,0.0,0.0,157.8,157.8,157.8,157.8,528,528,0,0
2021,4,Apr,2021-04-26,2021-04-27,2,Tue,11:00,small,1,done,rc_bfd,DBeaver,,select,1,High,1,n,1,0,0,0,0.0,0.0,0.0,0.0,0.0,0.0,34,34,0,0
2021,4,Apr,2021-04-26,2021-04-27,2,Tue,18:00,large,1,done,redpoint2,,,insert,1,None,4,n,2,0,0,0,0.0,0.0,0.0,0.1,0.0,0.1,160,316,0,0
2021,4,Apr,2021-04-26,2021-04-27,2,Tue,18:00,large,1,done,redpoint2,,,select,1,None,1,n,3,0,0,0,0.0,0.0,0.0,0.1,0.0,0.1,158,468,0,0
2021,4,Apr,2021-04-26,2021-04-27,2,Tue,18:00,small,2,done,redpoint2,,,select,1,High,1,n,36,0,0,0,0.0,0.0,0.0,0.6,0.0,0.6,88,2712,0,0
2021,4,Apr,2021-04-26,2021-04-27,2,Tue,19:00,large,1,done,redpoint2,,,insert,1,None,4,n,5,0,0,0,0.0,0.0,0.0,0.2,0.0,0.2,160,788,0,0
2021,4,Apr,2021-04-26,2021-04-27,2,Tue,19:00,large,1,done,redpoint2,,,select,1,None,1,n,22,0,0,0,0.0,0.0,0.0,0.5,0.0,0.5,174,3492,0,0
2021,4,Apr,2021-04-26,2021-04-27,2,Tue,19:00,small,1,done,redpoint2,,,select,1,High,1,n,53,0,0,0,0.0,0.0,0.0,0.9,0.0,0.9,86,3946,0,0
2021,4,Apr,2021-04-26,2021-04-27,2,Tue,1:00,large,1,done,redpoint2,,,insert,1,None,4,n,2,0,0,0,0.0,0.0,0.0,0.1,0.0,0.1,158,314,0,0
2021,4,Apr,2021-04-26,2021-04-27,2,Tue,1:00,large,1,done,redpoint2,,,select,1,None,1,n,18,0,0,0,0.0,0.0,0.0,0.4,0.0,0.4,162,2810,0,0
2021,4,Apr,2021-04-26,2021-04-27,2,Tue,1:00,small,1,done,redpoint2,,,select,1,High,1,n,53,0,0,0,0.0,0.0,0.0,0.8,0.0,0.8,88,3954,0,0
2021,4,Apr,2021-04-26,2021-04-27,2,Tue,20:00,large,1,done,redpoint2,,,insert,1,None,4,n,2,0,0,0,0.0,0.0,0.0,0.1,0.0,0.1,158,312,0,0
2021,4,Apr,2021-04-26,2021-04-27,2,Tue,20:00,large,1,done,redpoint2,,,select,1,None,1,n,18,0,0,0,0.0,0.0,0.0,0.4,0.0,0.4,162,2838,0,0
2021,4,Apr,2021-04-26,2021-04-27,2,Tue,20:00,small,1,done,redpoint2,,,select,1,High,1,n,51,0,0,0,0.0,0.0,0.0,0.8,0.0,0.8,88,3826,0,0
2021,4,Apr,2021-04-26,2021-04-27,2,Tue,21:00,admin,1,done,kick,ybsql,,select,1,None,1,n,10,0,0,0,0.0,0.0,0.8,2.8,0.8,2.8,324,3142,0,0
2021,4,Apr,2021-04-26,2021-04-27,2,Tue,21:00,large,1,done,redpoint2,,,insert,1,None,4,n,7,0,0,0,0.0,0.0,0.1,0.3,0.1,0.3,160,1098,0,0
2021,4,Apr,2021-04-26,2021-04-27,2,Tue,21:00,large,1,done,redpoint2,,,select,1,None,1,n,19,0,0,0,0.0,0.0,0.0,0.4,0.0,0.4,164,2994,0,0
2021,4,Apr,2021-04-26,2021-04-27,2,Tue,21:00,small,1,done,redpoint2,,,select,1,High,1,n,58,0,0,0,0.0,0.1,0.0,0.9,0.0,0.9,84,4326,0,0
2021,4,Apr,2021-04-26,2021-04-27,2,Tue,22:00,admin,1,done,kick,DBeaver,,select,1,High,1,n,1,0,0,0,0.0,0.0,0.0,0.0,0.0,0.0,28,28,0,0
2021,4,Apr,2021-04-26,2021-04-27,2,Tue,22:00,admin,1,done,kick,ybsql,sysviews,select,1,None,1,n,2,0,0,0,0.0,0.0,0.1,0.1,0.1,0.1,160,316,0,0
2021,4,Apr,2021-04-26,2021-04-27,2,Tue,22:00,admin,1,done,kick,ybsql,,select,1,High,1,n,1,0,0,0,0.0,0.0,0.1,0.1,0.1,0.1,380,380,0,0
2021,4,Apr,2021-04-26,2021-04-27,2,Tue,22:00,admin,1,done,kick,ybsql,,select,1,None,1,n,1,0,0,0,0.0,0.0,0.0,0.0,0.0,0.0,154,154,0,0
2021,4,Apr,2021-04-26,2021-04-27,2,Tue,22:00,large,1,done,redpoint2,,,insert,1,None,4,n,6,0,0,0,0.0,0.0,0.0,0.3,0.0,0.3,160,944,0,0
2021,4,Apr,2021-04-26,2021-04-27,2,Tue,22:00,large,1,done,redpoint2,,,select,1,None,1,n,20,0,0,0,0.0,0.0,0.0,0.4,0.0,0.4,164,3132,0,0
2021,4,Apr,2021-04-26,2021-04-27,2,Tue,22:00,small,1,done,redpoint2,,,select,1,High,1,n,54,0,0,0,0.0,0.0,0.0,0.8,0.0,0.8,84,3968,0,0
2021,4,Apr,2021-04-26,2021-04-27,2,Tue,23:00,admin,1,done,kick,DBeaver,sysviews,select,1,None,1,n,1,0,0,0,0.0,0.0,0.1,0.1,0.1,0.1,156,156,0,0
2021,4,Apr,2021-04-26,2021-04-27,2,Tue,23:00,admin,1,done,kick,ybsql,sysviews,select,1,None,1,n,2,0,0,0,0.0,0.0,0.1,0.1,0.1,0.1,158,316,0,0
2021,4,Apr,2021-04-26,2021-04-27,2,Tue,23:00,admin,1,done,kick,ybsql,,select,1,High,1,n,1,0,0,0,0.0,0.0,0.0,0.0,0.0,0.0,28,28,0,0
2021,4,Apr,2021-04-26,2021-04-27,2,Tue,23:00,large,1,done,redpoint2,,,insert,1,None,4,n,2,0,0,0,0.0,0.0,0.0,0.1,0.0,0.1,160,318,0,0
2021,4,Apr,2021-04-26,2021-04-27,2,Tue,23:00,large,1,done,redpoint2,,,select,1,None,1,n,6,0,0,0,0.0,0.0,0.0,0.1,0.0,0.1,162,948,0,0
2021,4,Apr,2021-04-26,2021-04-27,2,Tue,23:00,small,1,done,redpoint2,,,select,1,High,1,n,37,0,0,0,0.0,0.0,0.0,0.6,0.0,0.6,84,2714,0,0
2021,4,Apr,2021-04-26,2021-04-27,2,Tue,2:00,large,1,done,redpoint2,,,insert,1,None,4,n,3,0,0,0,0.0,0.0,0.1,0.1,0.1,0.1,158,470,0,0
2021,4,Apr,2021-04-26,2021-04-27,2,Tue,2:00,large,1,done,redpoint2,,,select,1,None,1,n,18,0,0,0,0.0,0.0,0.0,0.4,0.0,0.4,166,2820,0,0
2021,4,Apr,2021-04-26,2021-04-27,2,Tue,2:00,small,1,done,redpoint2,,,select,1,High,1,n,68,0,0,0,0.0,0.1,0.0,1.1,0.0,1.1,86,5142,0,0
2021,4,Apr,2021-04-26,2021-04-27,2,Tue,3:00,large,1,done,redpoint2,,,insert,1,None,4,n,2,0,0,0,0.0,0.0,0.0,0.1,0.0,0.1,156,310,0,0
2021,4,Apr,2021-04-26,2021-04-27,2,Tue,3:00,large,1,done,redpoint2,,,select,1,None,1,n,18,0,0,0,0.0,0.0,0.0,0.4,0.0,0.4,176,2840,0,0
2021,4,Apr,2021-04-26,2021-04-27,2,Tue,3:00,small,1,done,redpoint2,,,select,1,High,1,n,55,0,0,0,0.0,0.0,0.0,0.9,0.0,0.9,86,4102,0,0
2021,4,Apr,2021-04-26,2021-04-27,2,Tue,4:00,large,1,done,redpoint2,,,insert,1,None,4,n,6,0,0,0,0.0,0.0,0.0,0.3,0.0,0.3,162,948,0,0
2021,4,Apr,2021-04-26,2021-04-27,2,Tue,4:00,large,1,done,redpoint2,,,select,1,None,1,n,18,0,0,0,0.0,0.0,0.0,0.4,0.0,0.4,172,2840,0,0
2021,4,Apr,2021-04-26,2021-04-27,2,Tue,4:00,small,1,done,redpoint2,,,select,1,High,1,n,54,0,0,0,0.0,0.0,0.0,0.8,0.0,0.8,90,4046,0,0
2021,4,Apr,2021-04-26,2021-04-27,2,Tue,5:00,large,1,done,redpoint2,,,insert,1,None,4,n,4,0,0,0,0.0,0.0,0.0,0.2,0.0,0.2,160,630,0,0
2021,4,Apr,2021-04-26,2021-04-27,2,Tue,5:00,large,1,done,redpoint2,,,select,1,None,1,n,15,0,0,0,0.0,0.0,0.0,0.3,0.0,0.3,162,2346,0,0
2021,4,Apr,2021-04-26,2021-04-27,2,Tue,5:00,small,1,done,eb_nexus,,,select,1,High,1,n,25,0,0,0,0.0,0.0,0.0,0.3,0.0,0.3,40,688,0,0
2021,4,Apr,2021-04-26,2021-04-27,2,Tue,5:00,small,2,done,redpoint2,,,select,1,High,1,n,52,0,0,0,0.0,0.0,0.0,0.8,0.0,0.8,90,3858,0,0
2021,4,Apr,2021-04-26,2021-04-27,2,Tue,6:00,small,1,done,eb_nexus,,,select,1,High,1,n,1,0,0,0,0.0,0.0,0.0,0.0,0.0,0.0,24,24,0,0
2021,4,Apr,2021-04-26,2021-04-27,2,Tue,6:00,small,1,done,redpoint2,,,select,1,High,1,n,42,0,0,0,0.0,0.0,0.0,0.7,0.0,0.7,86,3174,0,0
2021,4,Apr,2021-04-26,2021-04-27,2,Tue,7:00,small,1,done,eb_nexus,,,select,1,High,1,n,22,0,0,0,0.0,0.0,0.0,0.3,0.0,0.3,40,622,0,0
2021,4,Apr,2021-04-26,2021-04-27,2,Tue,8:00,small,1,done,eb_nexus,,,select,1,High,1,n,10,0,0,0,0.0,0.0,0.0,0.1,0.0,0.1,30,280,0,0
2021,4,Apr,2021-04-26,2021-04-27,2,Tue,8:00,small,1,done,rc_bfd,DBeaver,,select,1,High,1,n,2,0,0,0,0.0,0.0,0.0,0.0,0.0,0.0,74,102,0,0
2021,4,Apr,2021-04-26,2021-04-27,2,Tue,9:00,small,1,done,rc_analytics,,,select,1,High,1,n,2,0,0,0,0.0,0.0,0.0,0.0,0.0,0.0,30,54,0,0
2021,4,Apr,2021-04-26,2021-04-27,2,Tue,9:00,small,1,done,rc_bfd,DBeaver,,select,1,High,1,n,2,0,0,0,0.0,0.0,0.0,0.0,0.0,0.0,28,56,0,0
(185 rows)
